<?xml version="1.0" encoding="UTF-8"?>
<!-- Generated by org.testng.reporters.JUnitXMLReporter -->
<testsuite hostname="VITHAPE2L2" name="loginTest" tests="1" failures="1" timestamp="30 Apr 2021 10:48:15 GMT" time="3.145" errors="0">
  <testcase name="loginTest" time="2.786" classname="com.Test.LoginTest">
    <failure type="java.lang.AssertionError" message="expected [JavaByKiran | Dashboard] but found [JavaByKiran | Log in]">
      <![CDATA[java.lang.AssertionError: expected [JavaByKiran | Dashboard] but found [JavaByKiran | Log in]
	at com.Test.LoginTest.loginTest(LoginTest.java:23)
... Removed 29 stack frames]]>
    </failure>
  </testcase> <!-- loginTest -->
</testsuite> <!-- loginTest -->
